


ARM Macro Assembler    Page 1 


    1 00000000         ;/******************************************************
                       *********************
    2 00000000         ; *                                                     
                                           *
    3 00000000         ; * SPDX-License-Identifier: Apache-2.0                 
                                           *
    4 00000000         ; * Copyright (c) 2015 Nuvoton Technology. All rights re
                       served.             *
    5 00000000         ; *                                                     
                                           *
    6 00000000         ; ******************************************************
                       *********************/
    7 00000000         
    8 00000000         
    9 00000000                 AREA             NUC_INIT, CODE, READONLY
   10 00000000         
   11 00000000         ;--------------------------------------------
   12 00000000         ; Mode bits and interrupt flag (I&F) defines
   13 00000000         ;--------------------------------------------
   14 00000000 00000010 
                       USR_MODE
                               EQU              0x10
   15 00000000 00000011 
                       FIQ_MODE
                               EQU              0x11
   16 00000000 00000012 
                       IRQ_MODE
                               EQU              0x12
   17 00000000 00000013 
                       SVC_MODE
                               EQU              0x13
   18 00000000 00000017 
                       ABT_MODE
                               EQU              0x17
   19 00000000 0000001B 
                       UDF_MODE
                               EQU              0x1B
   20 00000000 0000001F 
                       SYS_MODE
                               EQU              0x1F
   21 00000000         
   22 00000000 00000080 
                       I_BIT   EQU              0x80
   23 00000000 00000040 
                       F_BIT   EQU              0x40
   24 00000000         
   25 00000000         ;----------------------------
   26 00000000         ; System / User Stack Memory
   27 00000000         ;----------------------------
   28 00000000 02000000 
                       RAM_Limit
                               EQU              0x2000000   ; For unexpanded ha
                                                            rdware board
   29 00000000         
   30 00000000 00000100 
                       UND_Stack_Size
                               EQU              0x00000100
   31 00000000 00000100 
                       ABT_Stack_Size



ARM Macro Assembler    Page 2 


                               EQU              0x00000100
   32 00000000 00000200 
                       FIQ_Stack_Size
                               EQU              0x00000200
   33 00000000 00000C00 
                       SVC_Stack_Size
                               EQU              0x00000C00
   34 00000000 00004000 
                       IRQ_Stack_Size
                               EQU              0x00004000
   35 00000000 00004000 
                       USR_Stack_Size
                               EQU              0x00004000
   36 00000000         
   37 00000000 B8002138 
                       REG_AIC_MDCR
                               EQU              0xB8002138  ; Mask disable comm
                                                            and register
   38 00000000 B800213C 
                       REG_AIC_MDCRH
                               EQU              0xB800213C  ; Mask disable comm
                                                            and register (High)
                                                            
   39 00000000         
   40 00000000                 ENTRY
   41 00000000                 EXPORT           Reset_Go
   42 00000000         
   43 00000000                 EXPORT           Vector_Table
   44 00000000         Vector_Table
   45 00000000 EAFFFFFE        B                Reset_Go    ; Modified to be re
                                                            lative jumb for ext
                                                            ernal boot
   46 00000004 E59FF018        LDR              PC, Undefined_Addr
   47 00000008 E59FF018        LDR              PC, SWI_Addr
   48 0000000C E59FF018        LDR              PC, Prefetch_Addr
   49 00000010 E59FF018        LDR              PC, Abort_Addr
   50 00000014 00000000        DCD              0x0
   51 00000018 E59FF018        LDR              PC, IRQ_Addr
   52 0000001C E59FF018        LDR              PC, FIQ_Addr
   53 00000020         
   54 00000020         
   55 00000020 00000000 
                       Reset_Addr
                               DCD              Reset_Go
   56 00000024 00000000 
                       Undefined_Addr
                               DCD              Undefined_Handler
   57 00000028 00000000 
                       SWI_Addr
                               DCD              SWI_Handler1
   58 0000002C 00000000 
                       Prefetch_Addr
                               DCD              Prefetch_Handler
   59 00000030 00000000 
                       Abort_Addr
                               DCD              Abort_Handler
   60 00000034 00000000        DCD              0
   61 00000038 00000000 
                       IRQ_Addr



ARM Macro Assembler    Page 3 


                               DCD              IRQ_Handler
   62 0000003C 00000000 
                       FIQ_Addr
                               DCD              FIQ_Handler
   63 00000040         
   64 00000040         
   65 00000040         ; ************************
   66 00000040         ; Exception Handlers
   67 00000040         ; ************************
   68 00000040         
   69 00000040         ; The following dummy handlers do not do anything useful
                        in this example.
   70 00000040         ; They are set up here for completeness.
   71 00000040         
   72 00000040         Undefined_Handler
   73 00000040 EAFFFFFE        B                Undefined_Handler
   74 00000044         SWI_Handler1
   75 00000044 EAFFFFFE        B                SWI_Handler1
   76 00000048         Prefetch_Handler
   77 00000048 EAFFFFFE        B                Prefetch_Handler
   78 0000004C         Abort_Handler
   79 0000004C EAFFFFFE        B                Abort_Handler
   80 00000050         IRQ_Handler
   81 00000050 EAFFFFFE        B                IRQ_Handler
   82 00000054         FIQ_Handler
   83 00000054 EAFFFFFE        B                FIQ_Handler
   84 00000058         
   85 00000058         
   86 00000058         Reset_Go
   87 00000058         ; Disable Interrupt in case code is load by ICE while ot
                       her firmware is executing
   88 00000058 E59F0090        LDR              r0, =REG_AIC_MDCR
   89 0000005C E3E01000        LDR              r1, =0xFFFFFFFF
   90 00000060 E5801000        STR              r1, [r0]
   91 00000064 E59F0088        LDR              r0, =REG_AIC_MDCRH
   92 00000068 E5801000        STR              r1, [r0]
   93 0000006C         ;--------------------------------
   94 0000006C         ; Initial Stack Pointer register
   95 0000006C         ;--------------------------------
   96 0000006C         ;INIT_STACK
   97 0000006C E59F2084        LDR              R2, =0xB0001800
   98 00000070 E5923010        LDR              R3,[R2,#0x0010]
   99 00000074 E2033007        AND              R3, R3, #0x00000007
  100 00000078 E3A01002        MOV              R1,#2
  101 0000007C E3A00001        MOV              R0,#1
  102 00000080         LOOP_DRAMSIZE
  103 00000080 E1500003        CMP              R0,R3
  104 00000084 0A000002        BEQ              DONE_DRAMSIZE
  105 00000088 E1A01081        LSL              R1,R1,#1
  106 0000008C E2800001        ADD              R0,R0,#1
  107 00000090 EAFFFFFA        B                LOOP_DRAMSIZE
  108 00000094         DONE_DRAMSIZE
  109 00000094         ; Using DRAM Size to set Stack Pointer
  110 00000094 E1A00A01        LSL              R0,R1,#20
  111 00000098         
  112 00000098         ; Enter Undefined Instruction Mode and set Stack Pointer
                       
  113 00000098 E321F0DB        MSR              CPSR_c, #UDF_MODE:OR:I_BIT:OR:F
_BIT



ARM Macro Assembler    Page 4 


  114 0000009C E1A0D000        MOV              SP, R0
  115 000000A0 E2400C01        SUB              R0, R0, #UND_Stack_Size
  116 000000A4         
  117 000000A4         ; Enter Abort Mode and set Stack Pointer
  118 000000A4 E321F0D7        MSR              CPSR_c, #ABT_MODE:OR:I_BIT:OR:F
_BIT
  119 000000A8 E1A0D000        MOV              SP, R0
  120 000000AC E2400C01        SUB              R0, R0, #ABT_Stack_Size
  121 000000B0         
  122 000000B0         ; Enter IRQ Mode and set Stack Pointer
  123 000000B0 E321F0D2        MSR              CPSR_c, #IRQ_MODE:OR:I_BIT:OR:F
_BIT
  124 000000B4 E1A0D000        MOV              SP, R0
  125 000000B8 E2400901        SUB              R0, R0, #IRQ_Stack_Size
  126 000000BC         
  127 000000BC         ; Enter FIQ Mode and set Stack Pointer
  128 000000BC E321F0D1        MSR              CPSR_c, #FIQ_MODE:OR:I_BIT:OR:F
_BIT
  129 000000C0 E1A0D000        MOV              SP, R0
  130 000000C4 E2400C02        SUB              R0, R0, #FIQ_Stack_Size
  131 000000C8         
  132 000000C8         ; Enter User Mode and set Stack Pointer
  133 000000C8 E321F0DF        MSR              CPSR_c, #SYS_MODE:OR:I_BIT:OR:F
_BIT
  134 000000CC E1A0D000        MOV              SP, R0
  135 000000D0 E2400901        SUB              R0, R0, #USR_Stack_Size
  136 000000D4         
  137 000000D4         ; Enter Supervisor Mode and set Stack Pointer
  138 000000D4 E321F0D3        MSR              CPSR_c, #SVC_MODE:OR:I_BIT:OR:F
_BIT
  139 000000D8 E1A0D000        MOV              SP, R0
  140 000000DC E2400B03        SUB              R0, R0, #SVC_Stack_Size
  141 000000E0         
  142 000000E0         ;------------------------------------------------------
  143 000000E0         ; Set the normal exception vector of CP15 control bit
  144 000000E0         ;------------------------------------------------------
  145 000000E0 EE110F10        MRC              p15, 0, r0 , c1, c0 ; r0 := cp1
                                                            5 register 1
  146 000000E4 E3C00A02        BIC              r0, r0, #0x2000 
                                                            ; Clear bit13 in r1
                                                            
  147 000000E8 EE010F10        MCR              p15, 0, r0 , c1, c0 ; cp15 regi
                                                            ster 1 := r0
  148 000000EC         
  149 000000EC         
  150 000000EC                 IMPORT           __main
  151 000000EC         ;-----------------------------
  152 000000EC         ;   enter the C code
  153 000000EC         ;-----------------------------
  154 000000EC EAFFFFFE        B                __main
  155 000000F0         
  156 000000F0                 END
              B8002138 
              B800213C 
              B0001800 
Command Line: --debug --xref --diag_suppress=9931 --cpu=ARM926EJ-S --apcs=inter
work --depend=.\obj\startup_nuc970.d -o.\obj\startup_nuc970.o -I..\..\Driver\In
clude -IC:\Keil_v5\ARM\RV31\INC -IC:\Keil_v5\ARM\CMSIS\Include -IC:\Keil_v5\ARM
\INC\Toshiba --predefine="__UVISION_VERSION SETA 527" --list=..\..\startup_nuc9



ARM Macro Assembler    Page 5 


70.lst ..\..\Driver\Source\startup_NUC970.s



ARM Macro Assembler    Page 1 Alphabetic symbol ordering
Relocatable symbols

Abort_Addr 00000030

Symbol: Abort_Addr
   Definitions
      At line 59 in file ..\..\Driver\Source\startup_NUC970.s
   Uses
      At line 49 in file ..\..\Driver\Source\startup_NUC970.s
Comment: Abort_Addr used once
Abort_Handler 0000004C

Symbol: Abort_Handler
   Definitions
      At line 78 in file ..\..\Driver\Source\startup_NUC970.s
   Uses
      At line 59 in file ..\..\Driver\Source\startup_NUC970.s
      At line 79 in file ..\..\Driver\Source\startup_NUC970.s

DONE_DRAMSIZE 00000094

Symbol: DONE_DRAMSIZE
   Definitions
      At line 108 in file ..\..\Driver\Source\startup_NUC970.s
   Uses
      At line 104 in file ..\..\Driver\Source\startup_NUC970.s
Comment: DONE_DRAMSIZE used once
FIQ_Addr 0000003C

Symbol: FIQ_Addr
   Definitions
      At line 62 in file ..\..\Driver\Source\startup_NUC970.s
   Uses
      At line 52 in file ..\..\Driver\Source\startup_NUC970.s
Comment: FIQ_Addr used once
FIQ_Handler 00000054

Symbol: FIQ_Handler
   Definitions
      At line 82 in file ..\..\Driver\Source\startup_NUC970.s
   Uses
      At line 62 in file ..\..\Driver\Source\startup_NUC970.s
      At line 83 in file ..\..\Driver\Source\startup_NUC970.s

IRQ_Addr 00000038

Symbol: IRQ_Addr
   Definitions
      At line 61 in file ..\..\Driver\Source\startup_NUC970.s
   Uses
      At line 51 in file ..\..\Driver\Source\startup_NUC970.s
Comment: IRQ_Addr used once
IRQ_Handler 00000050

Symbol: IRQ_Handler
   Definitions
      At line 80 in file ..\..\Driver\Source\startup_NUC970.s
   Uses
      At line 61 in file ..\..\Driver\Source\startup_NUC970.s
      At line 81 in file ..\..\Driver\Source\startup_NUC970.s




ARM Macro Assembler    Page 2 Alphabetic symbol ordering
Relocatable symbols

LOOP_DRAMSIZE 00000080

Symbol: LOOP_DRAMSIZE
   Definitions
      At line 102 in file ..\..\Driver\Source\startup_NUC970.s
   Uses
      At line 107 in file ..\..\Driver\Source\startup_NUC970.s
Comment: LOOP_DRAMSIZE used once
NUC_INIT 00000000

Symbol: NUC_INIT
   Definitions
      At line 9 in file ..\..\Driver\Source\startup_NUC970.s
   Uses
      None
Comment: NUC_INIT unused
Prefetch_Addr 0000002C

Symbol: Prefetch_Addr
   Definitions
      At line 58 in file ..\..\Driver\Source\startup_NUC970.s
   Uses
      At line 48 in file ..\..\Driver\Source\startup_NUC970.s
Comment: Prefetch_Addr used once
Prefetch_Handler 00000048

Symbol: Prefetch_Handler
   Definitions
      At line 76 in file ..\..\Driver\Source\startup_NUC970.s
   Uses
      At line 58 in file ..\..\Driver\Source\startup_NUC970.s
      At line 77 in file ..\..\Driver\Source\startup_NUC970.s

Reset_Addr 00000020

Symbol: Reset_Addr
   Definitions
      At line 55 in file ..\..\Driver\Source\startup_NUC970.s
   Uses
      None
Comment: Reset_Addr unused
Reset_Go 00000058

Symbol: Reset_Go
   Definitions
      At line 86 in file ..\..\Driver\Source\startup_NUC970.s
   Uses
      At line 41 in file ..\..\Driver\Source\startup_NUC970.s
      At line 45 in file ..\..\Driver\Source\startup_NUC970.s
      At line 55 in file ..\..\Driver\Source\startup_NUC970.s

SWI_Addr 00000028

Symbol: SWI_Addr
   Definitions
      At line 57 in file ..\..\Driver\Source\startup_NUC970.s
   Uses
      At line 47 in file ..\..\Driver\Source\startup_NUC970.s
Comment: SWI_Addr used once



ARM Macro Assembler    Page 3 Alphabetic symbol ordering
Relocatable symbols

SWI_Handler1 00000044

Symbol: SWI_Handler1
   Definitions
      At line 74 in file ..\..\Driver\Source\startup_NUC970.s
   Uses
      At line 57 in file ..\..\Driver\Source\startup_NUC970.s
      At line 75 in file ..\..\Driver\Source\startup_NUC970.s

Undefined_Addr 00000024

Symbol: Undefined_Addr
   Definitions
      At line 56 in file ..\..\Driver\Source\startup_NUC970.s
   Uses
      At line 46 in file ..\..\Driver\Source\startup_NUC970.s
Comment: Undefined_Addr used once
Undefined_Handler 00000040

Symbol: Undefined_Handler
   Definitions
      At line 72 in file ..\..\Driver\Source\startup_NUC970.s
   Uses
      At line 56 in file ..\..\Driver\Source\startup_NUC970.s
      At line 73 in file ..\..\Driver\Source\startup_NUC970.s

Vector_Table 00000000

Symbol: Vector_Table
   Definitions
      At line 44 in file ..\..\Driver\Source\startup_NUC970.s
   Uses
      At line 43 in file ..\..\Driver\Source\startup_NUC970.s
Comment: Vector_Table used once
18 symbols



ARM Macro Assembler    Page 1 Alphabetic symbol ordering
Absolute symbols

ABT_MODE 00000017

Symbol: ABT_MODE
   Definitions
      At line 18 in file ..\..\Driver\Source\startup_NUC970.s
   Uses
      At line 118 in file ..\..\Driver\Source\startup_NUC970.s
Comment: ABT_MODE used once
ABT_Stack_Size 00000100

Symbol: ABT_Stack_Size
   Definitions
      At line 31 in file ..\..\Driver\Source\startup_NUC970.s
   Uses
      At line 120 in file ..\..\Driver\Source\startup_NUC970.s
Comment: ABT_Stack_Size used once
FIQ_MODE 00000011

Symbol: FIQ_MODE
   Definitions
      At line 15 in file ..\..\Driver\Source\startup_NUC970.s
   Uses
      At line 128 in file ..\..\Driver\Source\startup_NUC970.s
Comment: FIQ_MODE used once
FIQ_Stack_Size 00000200

Symbol: FIQ_Stack_Size
   Definitions
      At line 32 in file ..\..\Driver\Source\startup_NUC970.s
   Uses
      At line 130 in file ..\..\Driver\Source\startup_NUC970.s
Comment: FIQ_Stack_Size used once
F_BIT 00000040

Symbol: F_BIT
   Definitions
      At line 23 in file ..\..\Driver\Source\startup_NUC970.s
   Uses
      At line 113 in file ..\..\Driver\Source\startup_NUC970.s
      At line 118 in file ..\..\Driver\Source\startup_NUC970.s
      At line 123 in file ..\..\Driver\Source\startup_NUC970.s
      At line 128 in file ..\..\Driver\Source\startup_NUC970.s
      At line 133 in file ..\..\Driver\Source\startup_NUC970.s
      At line 138 in file ..\..\Driver\Source\startup_NUC970.s

IRQ_MODE 00000012

Symbol: IRQ_MODE
   Definitions
      At line 16 in file ..\..\Driver\Source\startup_NUC970.s
   Uses
      At line 123 in file ..\..\Driver\Source\startup_NUC970.s
Comment: IRQ_MODE used once
IRQ_Stack_Size 00004000

Symbol: IRQ_Stack_Size
   Definitions
      At line 34 in file ..\..\Driver\Source\startup_NUC970.s
   Uses



ARM Macro Assembler    Page 2 Alphabetic symbol ordering
Absolute symbols

      At line 125 in file ..\..\Driver\Source\startup_NUC970.s
Comment: IRQ_Stack_Size used once
I_BIT 00000080

Symbol: I_BIT
   Definitions
      At line 22 in file ..\..\Driver\Source\startup_NUC970.s
   Uses
      At line 113 in file ..\..\Driver\Source\startup_NUC970.s
      At line 118 in file ..\..\Driver\Source\startup_NUC970.s
      At line 123 in file ..\..\Driver\Source\startup_NUC970.s
      At line 128 in file ..\..\Driver\Source\startup_NUC970.s
      At line 133 in file ..\..\Driver\Source\startup_NUC970.s
      At line 138 in file ..\..\Driver\Source\startup_NUC970.s

RAM_Limit 02000000

Symbol: RAM_Limit
   Definitions
      At line 28 in file ..\..\Driver\Source\startup_NUC970.s
   Uses
      None
Comment: RAM_Limit unused
REG_AIC_MDCR B8002138

Symbol: REG_AIC_MDCR
   Definitions
      At line 37 in file ..\..\Driver\Source\startup_NUC970.s
   Uses
      At line 88 in file ..\..\Driver\Source\startup_NUC970.s
Comment: REG_AIC_MDCR used once
REG_AIC_MDCRH B800213C

Symbol: REG_AIC_MDCRH
   Definitions
      At line 38 in file ..\..\Driver\Source\startup_NUC970.s
   Uses
      At line 91 in file ..\..\Driver\Source\startup_NUC970.s
Comment: REG_AIC_MDCRH used once
SVC_MODE 00000013

Symbol: SVC_MODE
   Definitions
      At line 17 in file ..\..\Driver\Source\startup_NUC970.s
   Uses
      At line 138 in file ..\..\Driver\Source\startup_NUC970.s
Comment: SVC_MODE used once
SVC_Stack_Size 00000C00

Symbol: SVC_Stack_Size
   Definitions
      At line 33 in file ..\..\Driver\Source\startup_NUC970.s
   Uses
      At line 140 in file ..\..\Driver\Source\startup_NUC970.s
Comment: SVC_Stack_Size used once
SYS_MODE 0000001F

Symbol: SYS_MODE
   Definitions



ARM Macro Assembler    Page 3 Alphabetic symbol ordering
Absolute symbols

      At line 20 in file ..\..\Driver\Source\startup_NUC970.s
   Uses
      At line 133 in file ..\..\Driver\Source\startup_NUC970.s
Comment: SYS_MODE used once
UDF_MODE 0000001B

Symbol: UDF_MODE
   Definitions
      At line 19 in file ..\..\Driver\Source\startup_NUC970.s
   Uses
      At line 113 in file ..\..\Driver\Source\startup_NUC970.s
Comment: UDF_MODE used once
UND_Stack_Size 00000100

Symbol: UND_Stack_Size
   Definitions
      At line 30 in file ..\..\Driver\Source\startup_NUC970.s
   Uses
      At line 115 in file ..\..\Driver\Source\startup_NUC970.s
Comment: UND_Stack_Size used once
USR_MODE 00000010

Symbol: USR_MODE
   Definitions
      At line 14 in file ..\..\Driver\Source\startup_NUC970.s
   Uses
      None
Comment: USR_MODE unused
USR_Stack_Size 00004000

Symbol: USR_Stack_Size
   Definitions
      At line 35 in file ..\..\Driver\Source\startup_NUC970.s
   Uses
      At line 135 in file ..\..\Driver\Source\startup_NUC970.s
Comment: USR_Stack_Size used once
18 symbols



ARM Macro Assembler    Page 1 Alphabetic symbol ordering
External symbols

__main 00000000

Symbol: __main
   Definitions
      At line 150 in file ..\..\Driver\Source\startup_NUC970.s
   Uses
      At line 154 in file ..\..\Driver\Source\startup_NUC970.s
Comment: __main used once
1 symbol
370 symbols in table
